[0.380s] DEBUG:colcon:Command line arguments: ['/usr/bin/colcon', 'list', '-p', '--base-paths', '/home/thomas/ros2_ws/src/vortex-image-filtering', '--log-base', '/dev/null']
[0.381s] DEBUG:colcon:Parsed command line arguments: Namespace(log_base=None, log_level=None, verb_name='list', build_base='build', ignore_user_meta=False, metas=['./colcon.meta'], base_paths=['/home/thomas/ros2_ws/src/vortex-image-filtering', '--log-base', '/dev/null'], packages_ignore=None, packages_ignore_regex=None, paths=None, packages_up_to=None, packages_up_to_regex=None, packages_above=None, packages_above_and_dependencies=None, packages_above_depth=None, packages_select_by_dep=None, packages_skip_by_dep=None, packages_skip_up_to=None, packages_select_build_failed=False, packages_skip_build_finished=False, packages_select_test_failures=False, packages_skip_test_passed=False, packages_select=None, packages_skip=None, packages_select_regex=None, packages_skip_regex=None, packages_start=None, packages_end=None, allow_overriding=[], topological_order=False, names_only=False, paths_only=True, topological_graph=False, topological_graph_dot=False, topological_graph_density=False, topological_graph_legend=False, topological_graph_dot_cluster=False, topological_graph_dot_include_skipped=False, mixin_files=None, mixin=None, verb_parser=<colcon_mixin.mixin.mixin_argument.MixinArgumentDecorator object at 0x7839e89a3460>, verb_extension=<colcon_package_information.verb.list.ListVerb object at 0x7839e89a2230>, main=<bound method ListVerb.main of <colcon_package_information.verb.list.ListVerb object at 0x7839e89a2230>>, mixin_verb=('list',))
[0.967s] Level 1:colcon.colcon_core.package_discovery:discover_packages(colcon_meta) check parameters
[0.967s] Level 1:colcon.colcon_core.package_discovery:discover_packages(recursive) check parameters
[0.967s] Level 1:colcon.colcon_core.package_discovery:discover_packages(ignore) check parameters
[0.967s] Level 1:colcon.colcon_core.package_discovery:discover_packages(path) check parameters
[0.967s] Level 1:colcon.colcon_core.package_discovery:discover_packages(recursive) discover
[0.968s] INFO:colcon.colcon_core.package_discovery:Crawling recursively for packages in '/home/thomas/ros2_ws/src/vortex-image-filtering', '/home/thomas/ros2_ws/src/vortex-image-filtering/--log-base', '/dev/null'
[0.968s] Level 1:colcon.colcon_core.package_identification:_identify(/home/thomas/ros2_ws/src/vortex-image-filtering) by extensions ['ignore', 'ignore_ament_install']
[0.969s] Level 1:colcon.colcon_core.package_identification:_identify(/home/thomas/ros2_ws/src/vortex-image-filtering) by extension 'ignore'
[0.970s] Level 1:colcon.colcon_core.package_identification:_identify(/home/thomas/ros2_ws/src/vortex-image-filtering) by extension 'ignore_ament_install'
[0.970s] Level 1:colcon.colcon_core.package_identification:_identify(/home/thomas/ros2_ws/src/vortex-image-filtering) by extensions ['colcon_pkg']
[0.970s] Level 1:colcon.colcon_core.package_identification:_identify(/home/thomas/ros2_ws/src/vortex-image-filtering) by extension 'colcon_pkg'
[0.970s] Level 1:colcon.colcon_core.package_identification:_identify(/home/thomas/ros2_ws/src/vortex-image-filtering) by extensions ['colcon_meta']
[0.970s] Level 1:colcon.colcon_core.package_identification:_identify(/home/thomas/ros2_ws/src/vortex-image-filtering) by extension 'colcon_meta'
[0.970s] Level 1:colcon.colcon_core.package_identification:_identify(/home/thomas/ros2_ws/src/vortex-image-filtering) by extensions ['ros']
[0.970s] Level 1:colcon.colcon_core.package_identification:_identify(/home/thomas/ros2_ws/src/vortex-image-filtering) by extension 'ros'
[1.051s] Level 1:colcon.colcon_core.package_identification:_identify(/home/thomas/ros2_ws/src/vortex-image-filtering) by extensions ['cmake', 'python']
[1.052s] Level 1:colcon.colcon_core.package_identification:_identify(/home/thomas/ros2_ws/src/vortex-image-filtering) by extension 'cmake'
[1.052s] Level 1:colcon.colcon_core.package_identification:_identify(/home/thomas/ros2_ws/src/vortex-image-filtering) by extension 'python'
[1.052s] Level 1:colcon.colcon_core.package_identification:_identify(/home/thomas/ros2_ws/src/vortex-image-filtering) by extensions ['python_setup_py']
[1.052s] Level 1:colcon.colcon_core.package_identification:_identify(/home/thomas/ros2_ws/src/vortex-image-filtering) by extension 'python_setup_py'
[1.053s] Level 1:colcon.colcon_core.package_identification:_identify(/home/thomas/ros2_ws/src/vortex-image-filtering/image-filtering) by extensions ['ignore', 'ignore_ament_install']
[1.053s] Level 1:colcon.colcon_core.package_identification:_identify(/home/thomas/ros2_ws/src/vortex-image-filtering/image-filtering) by extension 'ignore'
[1.054s] Level 1:colcon.colcon_core.package_identification:_identify(/home/thomas/ros2_ws/src/vortex-image-filtering/image-filtering) by extension 'ignore_ament_install'
[1.054s] Level 1:colcon.colcon_core.package_identification:_identify(/home/thomas/ros2_ws/src/vortex-image-filtering/image-filtering) by extensions ['colcon_pkg']
[1.054s] Level 1:colcon.colcon_core.package_identification:_identify(/home/thomas/ros2_ws/src/vortex-image-filtering/image-filtering) by extension 'colcon_pkg'
[1.054s] Level 1:colcon.colcon_core.package_identification:_identify(/home/thomas/ros2_ws/src/vortex-image-filtering/image-filtering) by extensions ['colcon_meta']
[1.054s] Level 1:colcon.colcon_core.package_identification:_identify(/home/thomas/ros2_ws/src/vortex-image-filtering/image-filtering) by extension 'colcon_meta'
[1.054s] Level 1:colcon.colcon_core.package_identification:_identify(/home/thomas/ros2_ws/src/vortex-image-filtering/image-filtering) by extensions ['ros']
[1.054s] Level 1:colcon.colcon_core.package_identification:_identify(/home/thomas/ros2_ws/src/vortex-image-filtering/image-filtering) by extension 'ros'
[1.065s] DEBUG:colcon.colcon_core.package_identification:Package '/home/thomas/ros2_ws/src/vortex-image-filtering/image-filtering' with type 'ros.ament_cmake' and name 'image_filtering'
[1.066s] Level 1:colcon.colcon_core.package_identification:_identify(/home/thomas/ros2_ws/src/vortex-image-filtering/log) by extensions ['ignore', 'ignore_ament_install']
[1.066s] Level 1:colcon.colcon_core.package_identification:_identify(/home/thomas/ros2_ws/src/vortex-image-filtering/log) by extension 'ignore'
[1.066s] Level 1:colcon.colcon_core.package_identification:_identify(/home/thomas/ros2_ws/src/vortex-image-filtering/log) ignored
[1.067s] Level 1:colcon.colcon_core.package_discovery:discover_packages(recursive) using defaults
